0:0:0:0:0:0:0:1 -  -  [18/abr/2013:17:54:00 +0000] "GET /dddzer HTTP/1.1" 302 0 
0:0:0:0:0:0:0:1 -  -  [18/abr/2013:17:54:00 +0000] "GET /dddzer/ HTTP/1.1" 200 95 
0:0:0:0:0:0:0:1 -  -  [18/abr/2013:17:54:00 +0000] "GET /favicon.ico HTTP/1.1" 200 1150 
0:0:0:0:0:0:0:1 -  -  [18/abr/2013:17:54:00 +0000] "GET /dddzer/home.faces HTTP/1.1" 200 3402 
0:0:0:0:0:0:0:1 -  -  [18/abr/2013:17:54:01 +0000] "GET /dddzer/javax.faces.resource/layout/layout.css.faces;jsessionid=1e9nde5vmrbws19umis3q0kpkl?ln=primefaces HTTP/1.1" 200 257 
0:0:0:0:0:0:0:1 -  -  [18/abr/2013:17:54:01 +0000] "GET /dddzer/javax.faces.resource/theme.css.faces?ln=primefaces-bootstrap HTTP/1.1" 200 5439 
0:0:0:0:0:0:0:1 -  -  [18/abr/2013:17:54:01 +0000] "GET /dddzer/javax.faces.resource/css/main.css.faces;jsessionid=1e9nde5vmrbws19umis3q0kpkl HTTP/1.1" 200 1093 
0:0:0:0:0:0:0:1 -  -  [18/abr/2013:17:54:02 +0000] "GET /dddzer/javax.faces.resource/js/main.js.faces;jsessionid=1e9nde5vmrbws19umis3q0kpkl HTTP/1.1" 200 4399 
0:0:0:0:0:0:0:1 -  -  [18/abr/2013:17:54:01 +0000] "GET /dddzer/javax.faces.resource/primefaces.css.faces;jsessionid=1e9nde5vmrbws19umis3q0kpkl?ln=primefaces HTTP/1.1" 200 8996 
0:0:0:0:0:0:0:1 -  -  [18/abr/2013:17:54:01 +0000] "GET /dddzer/javax.faces.resource/layout/layout.js.faces;jsessionid=1e9nde5vmrbws19umis3q0kpkl?ln=primefaces HTTP/1.1" 200 66801 
0:0:0:0:0:0:0:1 -  -  [18/abr/2013:17:54:01 +0000] "GET /dddzer/javax.faces.resource/primefaces.js.faces;jsessionid=1e9nde5vmrbws19umis3q0kpkl?ln=primefaces HTTP/1.1" 200 202061 
0:0:0:0:0:0:0:1 -  -  [18/abr/2013:17:54:01 +0000] "GET /dddzer/javax.faces.resource/jquery/jquery.js.faces;jsessionid=1e9nde5vmrbws19umis3q0kpkl?ln=primefaces HTTP/1.1" 200 327424 
0:0:0:0:0:0:0:1 -  -  [18/abr/2013:17:54:02 +0000] "GET /dddzer/resources/icons/environment/development.gif HTTP/1.1" 200 1589 
0:0:0:0:0:0:0:1 -  -  [18/abr/2013:17:54:02 +0000] "GET /dddzer/javax.faces.resource/images/ui-icons_333333_256x240.png.faces?ln=primefaces-bootstrap HTTP/1.1" 200 4369 
0:0:0:0:0:0:0:1 -  -  [18/abr/2013:17:54:02 +0000] "GET /dddzer/javax.faces.resource/img/logo-jaxio.png.faces;jsessionid=1e9nde5vmrbws19umis3q0kpkl HTTP/1.1" 200 11100 
0:0:0:0:0:0:0:1 -  -  [18/abr/2013:17:54:02 +0000] "GET /dddzer/javax.faces.resource/icons/home.png.faces HTTP/1.1" 200 1273 
0:0:0:0:0:0:0:1 -  -  [18/abr/2013:17:54:02 +0000] "GET /dddzer/javax.faces.resource/icons/login.png.faces HTTP/1.1" 200 1291 
0:0:0:0:0:0:0:1 -  -  [18/abr/2013:17:54:02 +0000] "GET /dddzer/javax.faces.resource/icons/us.gif.faces HTTP/1.1" 200 1006 
0:0:0:0:0:0:0:1 -  -  [18/abr/2013:19:32:17 +0000] "GET /dddzer/javax.faces.resource/images/ui-icons_333333_256x240.png.faces?ln=primefaces-bootstrap HTTP/1.1" 304 0 
0:0:0:0:0:0:0:1 -  -  [18/abr/2013:19:50:03 +0000] "GET /dddzer/home.faces HTTP/1.1" 500 19630 
0:0:0:0:0:0:0:1 -  -  [18/abr/2013:19:50:04 +0000] "GET /dddzer/javax.faces.resource/theme.css.faces?ln=primefaces-bootstrap HTTP/1.1" 304 0 
0:0:0:0:0:0:0:1 -  -  [18/abr/2013:19:50:04 +0000] "GET /dddzer/javax.faces.resource/layout/layout.css.faces?ln=primefaces HTTP/1.1" 200 257 
0:0:0:0:0:0:0:1 -  -  [18/abr/2013:19:50:04 +0000] "GET /dddzer/javax.faces.resource/primefaces.css.faces?ln=primefaces HTTP/1.1" 200 8996 
0:0:0:0:0:0:0:1 -  -  [18/abr/2013:19:50:04 +0000] "GET /dddzer/javax.faces.resource/layout/layout.js.faces?ln=primefaces HTTP/1.1" 200 66801 
0:0:0:0:0:0:0:1 -  -  [18/abr/2013:19:50:04 +0000] "GET /dddzer/javax.faces.resource/js/main.js.faces HTTP/1.1" 200 4399 
0:0:0:0:0:0:0:1 -  -  [18/abr/2013:19:50:04 +0000] "GET /dddzer/javax.faces.resource/primefaces.js.faces?ln=primefaces HTTP/1.1" 200 202061 
0:0:0:0:0:0:0:1 -  -  [18/abr/2013:19:50:04 +0000] "GET /dddzer/javax.faces.resource/css/main.css.faces HTTP/1.1" 200 1093 
0:0:0:0:0:0:0:1 -  -  [18/abr/2013:19:50:04 +0000] "GET /dddzer/javax.faces.resource/jquery/jquery.js.faces?ln=primefaces HTTP/1.1" 200 327424 
0:0:0:0:0:0:0:1 -  -  [18/abr/2013:19:50:04 +0000] "GET /dddzer/resources/icons/environment/development.gif HTTP/1.1" 304 0 
0:0:0:0:0:0:0:1 -  -  [18/abr/2013:19:50:04 +0000] "GET /dddzer/javax.faces.resource/icons/login.png.faces HTTP/1.1" 200 1291 
0:0:0:0:0:0:0:1 -  -  [18/abr/2013:19:50:04 +0000] "GET /dddzer/javax.faces.resource/icons/us.gif.faces HTTP/1.1" 200 1006 
0:0:0:0:0:0:0:1 -  -  [18/abr/2013:19:50:04 +0000] "GET /dddzer/javax.faces.resource/img/logo-jaxio.png.faces HTTP/1.1" 200 11100 
0:0:0:0:0:0:0:1 -  -  [18/abr/2013:19:50:04 +0000] "GET /dddzer/javax.faces.resource/icons/home.png.faces HTTP/1.1" 200 1273 
0:0:0:0:0:0:0:1 -  -  [18/abr/2013:19:50:43 +0000] "GET /dddzer/home.faces HTTP/1.1" 500 19630 
0:0:0:0:0:0:0:1 -  -  [18/abr/2013:19:50:43 +0000] "GET /dddzer/javax.faces.resource/theme.css.faces?ln=primefaces-bootstrap HTTP/1.1" 304 0 
0:0:0:0:0:0:0:1 -  -  [18/abr/2013:19:50:43 +0000] "GET /dddzer/javax.faces.resource/primefaces.css.faces?ln=primefaces HTTP/1.1" 304 0 
0:0:0:0:0:0:0:1 -  -  [18/abr/2013:19:50:43 +0000] "GET /dddzer/javax.faces.resource/layout/layout.css.faces?ln=primefaces HTTP/1.1" 304 0 
0:0:0:0:0:0:0:1 -  -  [18/abr/2013:19:50:43 +0000] "GET /dddzer/javax.faces.resource/jquery/jquery.js.faces?ln=primefaces HTTP/1.1" 304 0 
0:0:0:0:0:0:0:1 -  -  [18/abr/2013:19:50:43 +0000] "GET /dddzer/javax.faces.resource/primefaces.js.faces?ln=primefaces HTTP/1.1" 304 0 
0:0:0:0:0:0:0:1 -  -  [18/abr/2013:19:50:43 +0000] "GET /dddzer/javax.faces.resource/layout/layout.js.faces?ln=primefaces HTTP/1.1" 304 0 
0:0:0:0:0:0:0:1 -  -  [18/abr/2013:19:50:43 +0000] "GET /dddzer/javax.faces.resource/js/main.js.faces HTTP/1.1" 200 4399 
0:0:0:0:0:0:0:1 -  -  [18/abr/2013:19:50:43 +0000] "GET /dddzer/javax.faces.resource/css/main.css.faces HTTP/1.1" 200 1093 
0:0:0:0:0:0:0:1 -  -  [18/abr/2013:19:50:43 +0000] "GET /dddzer/javax.faces.resource/icons/home.png.faces HTTP/1.1" 200 1273 
0:0:0:0:0:0:0:1 -  -  [18/abr/2013:19:50:43 +0000] "GET /dddzer/javax.faces.resource/icons/us.gif.faces HTTP/1.1" 200 1006 
0:0:0:0:0:0:0:1 -  -  [18/abr/2013:19:50:43 +0000] "GET /dddzer/javax.faces.resource/img/logo-jaxio.png.faces HTTP/1.1" 200 11100 
0:0:0:0:0:0:0:1 -  -  [18/abr/2013:19:50:43 +0000] "GET /dddzer/resources/icons/environment/development.gif HTTP/1.1" 304 0 
0:0:0:0:0:0:0:1 -  -  [18/abr/2013:19:50:43 +0000] "GET /dddzer/javax.faces.resource/icons/login.png.faces HTTP/1.1" 200 1291 
0:0:0:0:0:0:0:1 -  -  [18/abr/2013:19:50:47 +0000] "GET /dddzer/home.faces HTTP/1.1" 500 19631 
0:0:0:0:0:0:0:1 -  -  [18/abr/2013:19:50:47 +0000] "GET /dddzer/javax.faces.resource/theme.css.faces?ln=primefaces-bootstrap HTTP/1.1" 304 0 
0:0:0:0:0:0:0:1 -  -  [18/abr/2013:19:50:47 +0000] "GET /dddzer/javax.faces.resource/layout/layout.css.faces?ln=primefaces HTTP/1.1" 304 0 
0:0:0:0:0:0:0:1 -  -  [18/abr/2013:19:50:47 +0000] "GET /dddzer/javax.faces.resource/primefaces.css.faces?ln=primefaces HTTP/1.1" 304 0 
0:0:0:0:0:0:0:1 -  -  [18/abr/2013:19:50:47 +0000] "GET /dddzer/javax.faces.resource/primefaces.js.faces?ln=primefaces HTTP/1.1" 304 0 
0:0:0:0:0:0:0:1 -  -  [18/abr/2013:19:50:47 +0000] "GET /dddzer/javax.faces.resource/jquery/jquery.js.faces?ln=primefaces HTTP/1.1" 304 0 
0:0:0:0:0:0:0:1 -  -  [18/abr/2013:19:50:47 +0000] "GET /dddzer/javax.faces.resource/layout/layout.js.faces?ln=primefaces HTTP/1.1" 304 0 
0:0:0:0:0:0:0:1 -  -  [18/abr/2013:19:50:47 +0000] "GET /dddzer/javax.faces.resource/js/main.js.faces HTTP/1.1" 200 4399 
0:0:0:0:0:0:0:1 -  -  [18/abr/2013:19:50:47 +0000] "GET /dddzer/javax.faces.resource/css/main.css.faces HTTP/1.1" 200 1093 
0:0:0:0:0:0:0:1 -  -  [18/abr/2013:19:50:47 +0000] "GET /dddzer/javax.faces.resource/icons/us.gif.faces HTTP/1.1" 200 1006 
0:0:0:0:0:0:0:1 -  -  [18/abr/2013:19:50:47 +0000] "GET /dddzer/resources/icons/environment/development.gif HTTP/1.1" 304 0 
0:0:0:0:0:0:0:1 -  -  [18/abr/2013:19:50:47 +0000] "GET /dddzer/javax.faces.resource/img/logo-jaxio.png.faces HTTP/1.1" 200 11100 
0:0:0:0:0:0:0:1 -  -  [18/abr/2013:19:50:47 +0000] "GET /dddzer/javax.faces.resource/icons/login.png.faces HTTP/1.1" 200 1291 
0:0:0:0:0:0:0:1 -  -  [18/abr/2013:19:50:47 +0000] "GET /dddzer/javax.faces.resource/icons/home.png.faces HTTP/1.1" 200 1273 
0:0:0:0:0:0:0:1 -  -  [18/abr/2013:19:52:25 +0000] "GET /dddzer/home.faces HTTP/1.1" 200 3220 
0:0:0:0:0:0:0:1 -  -  [18/abr/2013:19:52:25 +0000] "GET /dddzer/javax.faces.resource/theme.css.faces?ln=primefaces-bootstrap HTTP/1.1" 304 0 
0:0:0:0:0:0:0:1 -  -  [18/abr/2013:19:52:25 +0000] "GET /dddzer/javax.faces.resource/primefaces.css.faces?ln=primefaces HTTP/1.1" 304 0 
0:0:0:0:0:0:0:1 -  -  [18/abr/2013:19:52:25 +0000] "GET /dddzer/javax.faces.resource/primefaces.js.faces?ln=primefaces HTTP/1.1" 304 0 
0:0:0:0:0:0:0:1 -  -  [18/abr/2013:19:52:25 +0000] "GET /dddzer/javax.faces.resource/jquery/jquery.js.faces?ln=primefaces HTTP/1.1" 304 0 
0:0:0:0:0:0:0:1 -  -  [18/abr/2013:19:52:25 +0000] "GET /dddzer/javax.faces.resource/layout/layout.js.faces?ln=primefaces HTTP/1.1" 304 0 
0:0:0:0:0:0:0:1 -  -  [18/abr/2013:19:52:25 +0000] "GET /dddzer/javax.faces.resource/layout/layout.css.faces?ln=primefaces HTTP/1.1" 304 0 
0:0:0:0:0:0:0:1 -  -  [18/abr/2013:19:52:25 +0000] "GET /dddzer/javax.faces.resource/js/main.js.faces HTTP/1.1" 200 4399 
0:0:0:0:0:0:0:1 -  -  [18/abr/2013:19:52:25 +0000] "GET /dddzer/javax.faces.resource/css/main.css.faces HTTP/1.1" 200 1093 
0:0:0:0:0:0:0:1 -  -  [18/abr/2013:19:52:25 +0000] "GET /dddzer/javax.faces.resource/icons/home.png.faces HTTP/1.1" 200 1273 
0:0:0:0:0:0:0:1 -  -  [18/abr/2013:19:52:25 +0000] "GET /dddzer/resources/icons/environment/development.gif HTTP/1.1" 304 0 
0:0:0:0:0:0:0:1 -  -  [18/abr/2013:19:52:25 +0000] "GET /dddzer/javax.faces.resource/img/logo-jaxio.png.faces HTTP/1.1" 200 11100 
0:0:0:0:0:0:0:1 -  -  [18/abr/2013:19:52:25 +0000] "GET /dddzer/javax.faces.resource/icons/login.png.faces HTTP/1.1" 200 1291 
0:0:0:0:0:0:0:1 -  -  [18/abr/2013:19:52:25 +0000] "GET /dddzer/javax.faces.resource/icons/us.gif.faces HTTP/1.1" 200 1006 
0:0:0:0:0:0:0:1 -  -  [18/abr/2013:19:54:10 +0000] "GET /dddzer/home.faces HTTP/1.1" 200 3221 
0:0:0:0:0:0:0:1 -  -  [18/abr/2013:19:54:10 +0000] "GET /dddzer/javax.faces.resource/theme.css.faces?ln=primefaces-bootstrap HTTP/1.1" 304 0 
0:0:0:0:0:0:0:1 -  -  [18/abr/2013:19:54:10 +0000] "GET /dddzer/javax.faces.resource/primefaces.css.faces?ln=primefaces HTTP/1.1" 304 0 
0:0:0:0:0:0:0:1 -  -  [18/abr/2013:19:54:11 +0000] "GET /dddzer/javax.faces.resource/primefaces.js.faces?ln=primefaces HTTP/1.1" 304 0 
0:0:0:0:0:0:0:1 -  -  [18/abr/2013:19:54:11 +0000] "GET /dddzer/javax.faces.resource/layout/layout.css.faces?ln=primefaces HTTP/1.1" 304 0 
0:0:0:0:0:0:0:1 -  -  [18/abr/2013:19:54:11 +0000] "GET /dddzer/javax.faces.resource/layout/layout.js.faces?ln=primefaces HTTP/1.1" 304 0 
0:0:0:0:0:0:0:1 -  -  [18/abr/2013:19:54:11 +0000] "GET /dddzer/javax.faces.resource/js/main.js.faces HTTP/1.1" 200 4399 
0:0:0:0:0:0:0:1 -  -  [18/abr/2013:19:54:11 +0000] "GET /dddzer/javax.faces.resource/jquery/jquery.js.faces?ln=primefaces HTTP/1.1" 304 0 
0:0:0:0:0:0:0:1 -  -  [18/abr/2013:19:54:10 +0000] "GET /dddzer/javax.faces.resource/css/main.css.faces HTTP/1.1" 200 1093 
0:0:0:0:0:0:0:1 -  -  [18/abr/2013:19:54:11 +0000] "GET /dddzer/javax.faces.resource/icons/home.png.faces HTTP/1.1" 200 1273 
0:0:0:0:0:0:0:1 -  -  [18/abr/2013:19:54:11 +0000] "GET /dddzer/javax.faces.resource/icons/login.png.faces HTTP/1.1" 200 1291 
0:0:0:0:0:0:0:1 -  -  [18/abr/2013:19:54:11 +0000] "GET /dddzer/resources/icons/environment/development.gif HTTP/1.1" 304 0 
0:0:0:0:0:0:0:1 -  -  [18/abr/2013:19:54:11 +0000] "GET /dddzer/javax.faces.resource/img/logo-jaxio.png.faces HTTP/1.1" 200 11100 
0:0:0:0:0:0:0:1 -  -  [18/abr/2013:19:54:11 +0000] "GET /dddzer/javax.faces.resource/icons/us.gif.faces HTTP/1.1" 200 1006 
0:0:0:0:0:0:0:1 -  -  [18/abr/2013:19:54:38 +0000] "GET /dddzer/home.faces HTTP/1.1" 200 3223 
0:0:0:0:0:0:0:1 -  -  [18/abr/2013:19:54:38 +0000] "GET /dddzer/javax.faces.resource/theme.css.faces?ln=primefaces-bootstrap HTTP/1.1" 304 0 
0:0:0:0:0:0:0:1 -  -  [18/abr/2013:19:54:38 +0000] "GET /dddzer/javax.faces.resource/primefaces.css.faces?ln=primefaces HTTP/1.1" 304 0 
0:0:0:0:0:0:0:1 -  -  [18/abr/2013:19:54:38 +0000] "GET /dddzer/javax.faces.resource/jquery/jquery.js.faces?ln=primefaces HTTP/1.1" 304 0 
0:0:0:0:0:0:0:1 -  -  [18/abr/2013:19:54:38 +0000] "GET /dddzer/javax.faces.resource/layout/layout.css.faces?ln=primefaces HTTP/1.1" 304 0 
0:0:0:0:0:0:0:1 -  -  [18/abr/2013:19:54:38 +0000] "GET /dddzer/javax.faces.resource/primefaces.js.faces?ln=primefaces HTTP/1.1" 304 0 
0:0:0:0:0:0:0:1 -  -  [18/abr/2013:19:54:38 +0000] "GET /dddzer/javax.faces.resource/layout/layout.js.faces?ln=primefaces HTTP/1.1" 304 0 
0:0:0:0:0:0:0:1 -  -  [18/abr/2013:19:54:38 +0000] "GET /dddzer/javax.faces.resource/js/main.js.faces HTTP/1.1" 200 4399 
0:0:0:0:0:0:0:1 -  -  [18/abr/2013:19:54:38 +0000] "GET /dddzer/javax.faces.resource/css/main.css.faces HTTP/1.1" 200 1093 
0:0:0:0:0:0:0:1 -  -  [18/abr/2013:19:54:38 +0000] "GET /dddzer/resources/icons/environment/development.gif HTTP/1.1" 304 0 
0:0:0:0:0:0:0:1 -  -  [18/abr/2013:19:54:38 +0000] "GET /dddzer/javax.faces.resource/icons/login.png.faces HTTP/1.1" 200 1291 
0:0:0:0:0:0:0:1 -  -  [18/abr/2013:19:54:38 +0000] "GET /dddzer/javax.faces.resource/img/logo-jaxio.png.faces HTTP/1.1" 200 11100 
0:0:0:0:0:0:0:1 -  -  [18/abr/2013:19:54:38 +0000] "GET /dddzer/javax.faces.resource/icons/home.png.faces HTTP/1.1" 200 1273 
0:0:0:0:0:0:0:1 -  -  [18/abr/2013:19:54:38 +0000] "GET /dddzer/javax.faces.resource/icons/us.gif.faces HTTP/1.1" 200 1006 
0:0:0:0:0:0:0:1 -  -  [18/abr/2013:19:54:40 +0000] "GET /dddzer/home.faces HTTP/1.1" 200 3221 
0:0:0:0:0:0:0:1 -  -  [18/abr/2013:19:54:40 +0000] "GET /dddzer/javax.faces.resource/theme.css.faces?ln=primefaces-bootstrap HTTP/1.1" 304 0 
0:0:0:0:0:0:0:1 -  -  [18/abr/2013:19:54:40 +0000] "GET /dddzer/javax.faces.resource/jquery/jquery.js.faces?ln=primefaces HTTP/1.1" 304 0 
0:0:0:0:0:0:0:1 -  -  [18/abr/2013:19:54:40 +0000] "GET /dddzer/javax.faces.resource/primefaces.css.faces?ln=primefaces HTTP/1.1" 304 0 
0:0:0:0:0:0:0:1 -  -  [18/abr/2013:19:54:40 +0000] "GET /dddzer/javax.faces.resource/layout/layout.css.faces?ln=primefaces HTTP/1.1" 304 0 
0:0:0:0:0:0:0:1 -  -  [18/abr/2013:19:54:40 +0000] "GET /dddzer/javax.faces.resource/primefaces.js.faces?ln=primefaces HTTP/1.1" 304 0 
0:0:0:0:0:0:0:1 -  -  [18/abr/2013:19:54:40 +0000] "GET /dddzer/javax.faces.resource/layout/layout.js.faces?ln=primefaces HTTP/1.1" 304 0 
0:0:0:0:0:0:0:1 -  -  [18/abr/2013:19:54:40 +0000] "GET /dddzer/javax.faces.resource/js/main.js.faces HTTP/1.1" 200 4399 
0:0:0:0:0:0:0:1 -  -  [18/abr/2013:19:54:40 +0000] "GET /dddzer/javax.faces.resource/css/main.css.faces HTTP/1.1" 200 1093 
0:0:0:0:0:0:0:1 -  -  [18/abr/2013:19:54:40 +0000] "GET /dddzer/javax.faces.resource/icons/home.png.faces HTTP/1.1" 200 1273 
0:0:0:0:0:0:0:1 -  -  [18/abr/2013:19:54:40 +0000] "GET /dddzer/javax.faces.resource/img/logo-jaxio.png.faces HTTP/1.1" 200 11100 
0:0:0:0:0:0:0:1 -  -  [18/abr/2013:19:54:40 +0000] "GET /dddzer/javax.faces.resource/icons/us.gif.faces HTTP/1.1" 200 1006 
0:0:0:0:0:0:0:1 -  -  [18/abr/2013:19:54:40 +0000] "GET /dddzer/resources/icons/environment/development.gif HTTP/1.1" 304 0 
0:0:0:0:0:0:0:1 -  -  [18/abr/2013:19:54:40 +0000] "GET /dddzer/javax.faces.resource/icons/login.png.faces HTTP/1.1" 200 1291 
0:0:0:0:0:0:0:1 -  -  [18/abr/2013:19:57:38 +0000] "GET /dddzer/home.faces HTTP/1.1" 200 3224 
0:0:0:0:0:0:0:1 -  -  [18/abr/2013:19:57:38 +0000] "GET /dddzer/javax.faces.resource/theme.css.faces?ln=primefaces-bootstrap HTTP/1.1" 304 0 
0:0:0:0:0:0:0:1 -  -  [18/abr/2013:19:57:38 +0000] "GET /dddzer/javax.faces.resource/primefaces.css.faces?ln=primefaces HTTP/1.1" 304 0 
0:0:0:0:0:0:0:1 -  -  [18/abr/2013:19:57:38 +0000] "GET /dddzer/javax.faces.resource/layout/layout.css.faces?ln=primefaces HTTP/1.1" 304 0 
0:0:0:0:0:0:0:1 -  -  [18/abr/2013:19:57:38 +0000] "GET /dddzer/javax.faces.resource/jquery/jquery.js.faces?ln=primefaces HTTP/1.1" 304 0 
0:0:0:0:0:0:0:1 -  -  [18/abr/2013:19:57:38 +0000] "GET /dddzer/javax.faces.resource/primefaces.js.faces?ln=primefaces HTTP/1.1" 304 0 
0:0:0:0:0:0:0:1 -  -  [18/abr/2013:19:57:38 +0000] "GET /dddzer/javax.faces.resource/layout/layout.js.faces?ln=primefaces HTTP/1.1" 304 0 
0:0:0:0:0:0:0:1 -  -  [18/abr/2013:19:57:38 +0000] "GET /dddzer/javax.faces.resource/js/main.js.faces HTTP/1.1" 200 4399 
0:0:0:0:0:0:0:1 -  -  [18/abr/2013:19:57:38 +0000] "GET /dddzer/javax.faces.resource/css/main.css.faces HTTP/1.1" 200 1093 
0:0:0:0:0:0:0:1 -  -  [18/abr/2013:19:57:38 +0000] "GET /dddzer/resources/icons/environment/development.gif HTTP/1.1" 304 0 
0:0:0:0:0:0:0:1 -  -  [18/abr/2013:19:57:38 +0000] "GET /dddzer/javax.faces.resource/icons/us.gif.faces HTTP/1.1" 200 1006 
0:0:0:0:0:0:0:1 -  -  [18/abr/2013:19:57:38 +0000] "GET /dddzer/javax.faces.resource/icons/home.png.faces HTTP/1.1" 200 1273 
0:0:0:0:0:0:0:1 -  -  [18/abr/2013:19:57:38 +0000] "GET /dddzer/javax.faces.resource/icons/login.png.faces HTTP/1.1" 200 1291 
0:0:0:0:0:0:0:1 -  -  [18/abr/2013:19:57:38 +0000] "GET /dddzer/javax.faces.resource/img/logo-jaxio.png.faces HTTP/1.1" 200 11100 
0:0:0:0:0:0:0:1 -  -  [18/abr/2013:20:06:43 +0000] "GET /dddzer/home.faces HTTP/1.1" 200 3359 
0:0:0:0:0:0:0:1 -  -  [18/abr/2013:20:06:43 +0000] "GET /dddzer/javax.faces.resource/theme.css.faces?ln=primefaces-bootstrap HTTP/1.1" 304 0 
0:0:0:0:0:0:0:1 -  -  [18/abr/2013:20:06:43 +0000] "GET /dddzer/javax.faces.resource/layout/layout.css.faces?ln=primefaces HTTP/1.1" 304 0 
0:0:0:0:0:0:0:1 -  -  [18/abr/2013:20:06:43 +0000] "GET /dddzer/javax.faces.resource/primefaces.css.faces?ln=primefaces HTTP/1.1" 304 0 
0:0:0:0:0:0:0:1 -  -  [18/abr/2013:20:06:43 +0000] "GET /dddzer/javax.faces.resource/primefaces.js.faces?ln=primefaces HTTP/1.1" 304 0 
0:0:0:0:0:0:0:1 -  -  [18/abr/2013:20:06:43 +0000] "GET /dddzer/javax.faces.resource/jquery/jquery.js.faces?ln=primefaces HTTP/1.1" 304 0 
0:0:0:0:0:0:0:1 -  -  [18/abr/2013:20:06:43 +0000] "GET /dddzer/javax.faces.resource/layout/layout.js.faces?ln=primefaces HTTP/1.1" 304 0 
0:0:0:0:0:0:0:1 -  -  [18/abr/2013:20:06:43 +0000] "GET /dddzer/javax.faces.resource/js/main.js.faces HTTP/1.1" 200 4399 
0:0:0:0:0:0:0:1 -  -  [18/abr/2013:20:06:43 +0000] "GET /dddzer/javax.faces.resource/css/main.css.faces HTTP/1.1" 200 1093 
0:0:0:0:0:0:0:1 -  -  [18/abr/2013:20:06:43 +0000] "GET /dddzer/javax.faces.resource/icons/login.png.faces HTTP/1.1" 200 1291 
0:0:0:0:0:0:0:1 -  -  [18/abr/2013:20:06:43 +0000] "GET /dddzer/javax.faces.resource/icons/home.png.faces HTTP/1.1" 200 1273 
0:0:0:0:0:0:0:1 -  -  [18/abr/2013:20:06:43 +0000] "GET /dddzer/javax.faces.resource/icons/us.gif.faces HTTP/1.1" 200 1006 
0:0:0:0:0:0:0:1 -  -  [18/abr/2013:20:06:43 +0000] "GET /dddzer/resources/icons/environment/development.gif HTTP/1.1" 304 0 
0:0:0:0:0:0:0:1 -  -  [18/abr/2013:20:06:43 +0000] "GET /dddzer/javax.faces.resource/img/logo-jaxio.png.faces HTTP/1.1" 200 11100 
0:0:0:0:0:0:0:1 -  -  [18/abr/2013:20:11:01 +0000] "GET /dddzer/home.faces HTTP/1.1" 200 3358 
0:0:0:0:0:0:0:1 -  -  [18/abr/2013:20:11:01 +0000] "GET /dddzer/javax.faces.resource/theme.css.faces?ln=primefaces-bootstrap HTTP/1.1" 304 0 
0:0:0:0:0:0:0:1 -  -  [18/abr/2013:20:11:01 +0000] "GET /dddzer/javax.faces.resource/primefaces.css.faces?ln=primefaces HTTP/1.1" 304 0 
0:0:0:0:0:0:0:1 -  -  [18/abr/2013:20:11:01 +0000] "GET /dddzer/javax.faces.resource/layout/layout.css.faces?ln=primefaces HTTP/1.1" 304 0 
0:0:0:0:0:0:0:1 -  -  [18/abr/2013:20:11:01 +0000] "GET /dddzer/javax.faces.resource/jquery/jquery.js.faces?ln=primefaces HTTP/1.1" 304 0 
0:0:0:0:0:0:0:1 -  -  [18/abr/2013:20:11:01 +0000] "GET /dddzer/javax.faces.resource/primefaces.js.faces?ln=primefaces HTTP/1.1" 304 0 
0:0:0:0:0:0:0:1 -  -  [18/abr/2013:20:11:01 +0000] "GET /dddzer/javax.faces.resource/layout/layout.js.faces?ln=primefaces HTTP/1.1" 304 0 
0:0:0:0:0:0:0:1 -  -  [18/abr/2013:20:11:01 +0000] "GET /dddzer/javax.faces.resource/js/main.js.faces HTTP/1.1" 200 4399 
0:0:0:0:0:0:0:1 -  -  [18/abr/2013:20:11:01 +0000] "GET /dddzer/javax.faces.resource/css/main.css.faces HTTP/1.1" 200 1093 
0:0:0:0:0:0:0:1 -  -  [18/abr/2013:20:11:01 +0000] "GET /dddzer/javax.faces.resource/icons/home.png.faces HTTP/1.1" 200 1273 
0:0:0:0:0:0:0:1 -  -  [18/abr/2013:20:11:01 +0000] "GET /dddzer/javax.faces.resource/icons/login.png.faces HTTP/1.1" 200 1291 
0:0:0:0:0:0:0:1 -  -  [18/abr/2013:20:11:01 +0000] "GET /dddzer/resources/icons/environment/development.gif HTTP/1.1" 304 0 
0:0:0:0:0:0:0:1 -  -  [18/abr/2013:20:11:01 +0000] "GET /dddzer/javax.faces.resource/img/logo-jaxio.png.faces HTTP/1.1" 200 11100 
0:0:0:0:0:0:0:1 -  -  [18/abr/2013:20:11:01 +0000] "GET /dddzer/javax.faces.resource/icons/us.gif.faces HTTP/1.1" 200 1006 
0:0:0:0:0:0:0:1 -  -  [18/abr/2013:20:11:28 +0000] "GET /dddzer/home.faces HTTP/1.1" 200 3214 
0:0:0:0:0:0:0:1 -  -  [18/abr/2013:20:11:28 +0000] "GET /dddzer/javax.faces.resource/primefaces.css.faces?ln=primefaces HTTP/1.1" 304 0 
0:0:0:0:0:0:0:1 -  -  [18/abr/2013:20:11:28 +0000] "GET /dddzer/javax.faces.resource/theme.css.faces?ln=primefaces-bootstrap HTTP/1.1" 304 0 
0:0:0:0:0:0:0:1 -  -  [18/abr/2013:20:11:28 +0000] "GET /dddzer/javax.faces.resource/jquery/jquery.js.faces?ln=primefaces HTTP/1.1" 304 0 
0:0:0:0:0:0:0:1 -  -  [18/abr/2013:20:11:28 +0000] "GET /dddzer/javax.faces.resource/primefaces.js.faces?ln=primefaces HTTP/1.1" 304 0 
0:0:0:0:0:0:0:1 -  -  [18/abr/2013:20:11:28 +0000] "GET /dddzer/javax.faces.resource/layout/layout.css.faces?ln=primefaces HTTP/1.1" 304 0 
0:0:0:0:0:0:0:1 -  -  [18/abr/2013:20:11:28 +0000] "GET /dddzer/javax.faces.resource/layout/layout.js.faces?ln=primefaces HTTP/1.1" 304 0 
0:0:0:0:0:0:0:1 -  -  [18/abr/2013:20:11:28 +0000] "GET /dddzer/javax.faces.resource/js/main.js.faces HTTP/1.1" 200 4399 
0:0:0:0:0:0:0:1 -  -  [18/abr/2013:20:11:28 +0000] "GET /dddzer/javax.faces.resource/css/main.css.faces HTTP/1.1" 200 1093 
0:0:0:0:0:0:0:1 -  -  [18/abr/2013:20:11:28 +0000] "GET /dddzer/javax.faces.resource/icons/home.png.faces HTTP/1.1" 200 1273 
0:0:0:0:0:0:0:1 -  -  [18/abr/2013:20:11:28 +0000] "GET /dddzer/javax.faces.resource/img/logo-jaxio.png.faces HTTP/1.1" 200 11100 
0:0:0:0:0:0:0:1 -  -  [18/abr/2013:20:11:28 +0000] "GET /dddzer/resources/icons/environment/development.gif HTTP/1.1" 304 0 
0:0:0:0:0:0:0:1 -  -  [18/abr/2013:20:11:28 +0000] "GET /dddzer/javax.faces.resource/icons/login.png.faces HTTP/1.1" 200 1291 
0:0:0:0:0:0:0:1 -  -  [18/abr/2013:20:11:28 +0000] "GET /dddzer/javax.faces.resource/icons/us.gif.faces HTTP/1.1" 200 1006 
0:0:0:0:0:0:0:1 -  -  [18/abr/2013:20:12:40 +0000] "GET /dddzer/home.faces HTTP/1.1" 200 3211 
0:0:0:0:0:0:0:1 -  -  [18/abr/2013:20:12:40 +0000] "GET /dddzer/javax.faces.resource/theme.css.faces?ln=primefaces-bootstrap HTTP/1.1" 304 0 
0:0:0:0:0:0:0:1 -  -  [18/abr/2013:20:12:40 +0000] "GET /dddzer/javax.faces.resource/primefaces.css.faces?ln=primefaces HTTP/1.1" 304 0 
0:0:0:0:0:0:0:1 -  -  [18/abr/2013:20:12:40 +0000] "GET /dddzer/javax.faces.resource/layout/layout.css.faces?ln=primefaces HTTP/1.1" 304 0 
0:0:0:0:0:0:0:1 -  -  [18/abr/2013:20:12:40 +0000] "GET /dddzer/javax.faces.resource/jquery/jquery.js.faces?ln=primefaces HTTP/1.1" 304 0 
0:0:0:0:0:0:0:1 -  -  [18/abr/2013:20:12:40 +0000] "GET /dddzer/javax.faces.resource/primefaces.js.faces?ln=primefaces HTTP/1.1" 304 0 
0:0:0:0:0:0:0:1 -  -  [18/abr/2013:20:12:40 +0000] "GET /dddzer/javax.faces.resource/layout/layout.js.faces?ln=primefaces HTTP/1.1" 304 0 
0:0:0:0:0:0:0:1 -  -  [18/abr/2013:20:12:40 +0000] "GET /dddzer/javax.faces.resource/js/main.js.faces HTTP/1.1" 200 4399 
0:0:0:0:0:0:0:1 -  -  [18/abr/2013:20:12:40 +0000] "GET /dddzer/javax.faces.resource/css/main.css.faces HTTP/1.1" 200 1093 
0:0:0:0:0:0:0:1 -  -  [18/abr/2013:20:12:40 +0000] "GET /dddzer/javax.faces.resource/icons/login.png.faces HTTP/1.1" 200 1291 
0:0:0:0:0:0:0:1 -  -  [18/abr/2013:20:12:40 +0000] "GET /dddzer/javax.faces.resource/icons/home.png.faces HTTP/1.1" 200 1273 
0:0:0:0:0:0:0:1 -  -  [18/abr/2013:20:12:40 +0000] "GET /dddzer/javax.faces.resource/icons/us.gif.faces HTTP/1.1" 200 1006 
0:0:0:0:0:0:0:1 -  -  [18/abr/2013:20:12:40 +0000] "GET /dddzer/resources/icons/environment/development.gif HTTP/1.1" 304 0 
0:0:0:0:0:0:0:1 -  -  [18/abr/2013:20:12:40 +0000] "GET /dddzer/javax.faces.resource/img/logo-jaxio.png.faces HTTP/1.1" 200 11100 
0:0:0:0:0:0:0:1 -  -  [18/abr/2013:20:12:42 +0000] "GET /dddzer/home.faces HTTP/1.1" 200 3213 
0:0:0:0:0:0:0:1 -  -  [18/abr/2013:20:12:42 +0000] "GET /dddzer/javax.faces.resource/theme.css.faces?ln=primefaces-bootstrap HTTP/1.1" 304 0 
0:0:0:0:0:0:0:1 -  -  [18/abr/2013:20:12:42 +0000] "GET /dddzer/javax.faces.resource/primefaces.css.faces?ln=primefaces HTTP/1.1" 304 0 
0:0:0:0:0:0:0:1 -  -  [18/abr/2013:20:12:42 +0000] "GET /dddzer/javax.faces.resource/jquery/jquery.js.faces?ln=primefaces HTTP/1.1" 304 0 
0:0:0:0:0:0:0:1 -  -  [18/abr/2013:20:12:42 +0000] "GET /dddzer/javax.faces.resource/layout/layout.css.faces?ln=primefaces HTTP/1.1" 304 0 
0:0:0:0:0:0:0:1 -  -  [18/abr/2013:20:12:42 +0000] "GET /dddzer/javax.faces.resource/primefaces.js.faces?ln=primefaces HTTP/1.1" 304 0 
0:0:0:0:0:0:0:1 -  -  [18/abr/2013:20:12:42 +0000] "GET /dddzer/javax.faces.resource/layout/layout.js.faces?ln=primefaces HTTP/1.1" 304 0 
0:0:0:0:0:0:0:1 -  -  [18/abr/2013:20:12:42 +0000] "GET /dddzer/javax.faces.resource/js/main.js.faces HTTP/1.1" 200 4399 
0:0:0:0:0:0:0:1 -  -  [18/abr/2013:20:12:42 +0000] "GET /dddzer/javax.faces.resource/css/main.css.faces HTTP/1.1" 200 1093 
0:0:0:0:0:0:0:1 -  -  [18/abr/2013:20:12:42 +0000] "GET /dddzer/javax.faces.resource/icons/login.png.faces HTTP/1.1" 200 1291 
0:0:0:0:0:0:0:1 -  -  [18/abr/2013:20:12:42 +0000] "GET /dddzer/javax.faces.resource/icons/us.gif.faces HTTP/1.1" 200 1006 
0:0:0:0:0:0:0:1 -  -  [18/abr/2013:20:12:42 +0000] "GET /dddzer/javax.faces.resource/img/logo-jaxio.png.faces HTTP/1.1" 200 11100 
0:0:0:0:0:0:0:1 -  -  [18/abr/2013:20:12:42 +0000] "GET /dddzer/resources/icons/environment/development.gif HTTP/1.1" 304 0 
0:0:0:0:0:0:0:1 -  -  [18/abr/2013:20:12:42 +0000] "GET /dddzer/javax.faces.resource/icons/home.png.faces HTTP/1.1" 200 1273 
